<?xml version="1.0" encoding="UTF-8"?>
<testsuite name="com.petBook.PetBookApplicationTests" tests="1" skipped="0" failures="0" errors="0" timestamp="2022-06-29T13:41:58" hostname="DESKTOP-RUAGMJC" time="0.208">
  <properties/>
  <testcase name="contextLoads()" classname="com.petBook.PetBookApplicationTests" time="0.208"/>
  <system-out><![CDATA[22:41:56.312 [Test worker] DEBUG org.springframework.test.context.BootstrapUtils - Instantiating CacheAwareContextLoaderDelegate from class [org.springframework.test.context.cache.DefaultCacheAwareContextLoaderDelegate]
22:41:56.318 [Test worker] DEBUG org.springframework.test.context.BootstrapUtils - Instantiating BootstrapContext using constructor [public org.springframework.test.context.support.DefaultBootstrapContext(java.lang.Class,org.springframework.test.context.CacheAwareContextLoaderDelegate)]
22:41:56.341 [Test worker] DEBUG org.springframework.test.context.BootstrapUtils - Instantiating TestContextBootstrapper for test class [com.petBook.PetBookApplicationTests] from class [org.springframework.boot.test.context.SpringBootTestContextBootstrapper]
22:41:56.349 [Test worker] INFO org.springframework.boot.test.context.SpringBootTestContextBootstrapper - Neither @ContextConfiguration nor @ContextHierarchy found for test class [com.petBook.PetBookApplicationTests], using SpringBootContextLoader
22:41:56.351 [Test worker] DEBUG org.springframework.test.context.support.AbstractContextLoader - Did not detect default resource location for test class [com.petBook.PetBookApplicationTests]: class path resource [com/petBook/PetBookApplicationTests-context.xml] does not exist
22:41:56.351 [Test worker] DEBUG org.springframework.test.context.support.AbstractContextLoader - Did not detect default resource location for test class [com.petBook.PetBookApplicationTests]: class path resource [com/petBook/PetBookApplicationTestsContext.groovy] does not exist
22:41:56.352 [Test worker] INFO org.springframework.test.context.support.AbstractContextLoader - Could not detect default resource locations for test class [com.petBook.PetBookApplicationTests]: no resource found for suffixes {-context.xml, Context.groovy}.
22:41:56.352 [Test worker] INFO org.springframework.test.context.support.AnnotationConfigContextLoaderUtils - Could not detect default configuration classes for test class [com.petBook.PetBookApplicationTests]: PetBookApplicationTests does not declare any static, non-private, non-final, nested classes annotated with @Configuration.
22:41:56.376 [Test worker] DEBUG org.springframework.test.context.support.ActiveProfilesUtils - Could not find an 'annotation declaring class' for annotation type [org.springframework.test.context.ActiveProfiles] and class [com.petBook.PetBookApplicationTests]
22:41:56.407 [Test worker] DEBUG org.springframework.context.annotation.ClassPathScanningCandidateComponentProvider - Identified candidate component class: file [D:\petBook-be\build\classes\java\main\com\petBook\PetBookApplication.class]
22:41:56.407 [Test worker] INFO org.springframework.boot.test.context.SpringBootTestContextBootstrapper - Found @SpringBootConfiguration com.petBook.PetBookApplication for test class com.petBook.PetBookApplicationTests
22:41:56.464 [Test worker] DEBUG org.springframework.boot.test.context.SpringBootTestContextBootstrapper - @TestExecutionListeners is not present for class [com.petBook.PetBookApplicationTests]: using defaults.
22:41:56.465 [Test worker] INFO org.springframework.boot.test.context.SpringBootTestContextBootstrapper - Loaded default TestExecutionListener class names from location [META-INF/spring.factories]: [org.springframework.boot.test.autoconfigure.restdocs.RestDocsTestExecutionListener, org.springframework.boot.test.autoconfigure.web.client.MockRestServiceServerResetTestExecutionListener, org.springframework.boot.test.autoconfigure.web.servlet.MockMvcPrintOnlyOnFailureTestExecutionListener, org.springframework.boot.test.autoconfigure.web.servlet.WebDriverTestExecutionListener, org.springframework.boot.test.autoconfigure.webservices.client.MockWebServiceServerTestExecutionListener, org.springframework.boot.test.mock.mockito.MockitoTestExecutionListener, org.springframework.boot.test.mock.mockito.ResetMocksTestExecutionListener, org.springframework.test.context.web.ServletTestExecutionListener, org.springframework.test.context.support.DirtiesContextBeforeModesTestExecutionListener, org.springframework.test.context.event.ApplicationEventsTestExecutionListener, org.springframework.test.context.support.DependencyInjectionTestExecutionListener, org.springframework.test.context.support.DirtiesContextTestExecutionListener, org.springframework.test.context.transaction.TransactionalTestExecutionListener, org.springframework.test.context.jdbc.SqlScriptsTestExecutionListener, org.springframework.test.context.event.EventPublishingTestExecutionListener]
22:41:56.471 [Test worker] DEBUG org.springframework.boot.test.context.SpringBootTestContextBootstrapper - Skipping candidate TestExecutionListener [org.springframework.test.context.transaction.TransactionalTestExecutionListener] due to a missing dependency. Specify custom listener classes or make the default listener classes and their required dependencies available. Offending class: [org/springframework/transaction/interceptor/TransactionAttributeSource]
22:41:56.471 [Test worker] DEBUG org.springframework.boot.test.context.SpringBootTestContextBootstrapper - Skipping candidate TestExecutionListener [org.springframework.test.context.jdbc.SqlScriptsTestExecutionListener] due to a missing dependency. Specify custom listener classes or make the default listener classes and their required dependencies available. Offending class: [org/springframework/transaction/interceptor/TransactionAttribute]
22:41:56.472 [Test worker] INFO org.springframework.boot.test.context.SpringBootTestContextBootstrapper - Using TestExecutionListeners: [org.springframework.test.context.web.ServletTestExecutionListener@7249dadf, org.springframework.test.context.support.DirtiesContextBeforeModesTestExecutionListener@4362d7df, org.springframework.test.context.event.ApplicationEventsTestExecutionListener@66238be2, org.springframework.boot.test.mock.mockito.MockitoTestExecutionListener@1c25b8a7, org.springframework.boot.test.autoconfigure.SpringBootDependencyInjectionTestExecutionListener@200606de, org.springframework.test.context.support.DirtiesContextTestExecutionListener@750fe12e, org.springframework.test.context.event.EventPublishingTestExecutionListener@f8908f6, org.springframework.boot.test.autoconfigure.restdocs.RestDocsTestExecutionListener@3e587920, org.springframework.boot.test.autoconfigure.web.client.MockRestServiceServerResetTestExecutionListener@2ef8a8c3, org.springframework.boot.test.autoconfigure.web.servlet.MockMvcPrintOnlyOnFailureTestExecutionListener@24f43aa3, org.springframework.boot.test.autoconfigure.web.servlet.WebDriverTestExecutionListener@63fd4873, org.springframework.boot.test.autoconfigure.webservices.client.MockWebServiceServerTestExecutionListener@1e11bc55, org.springframework.boot.test.mock.mockito.ResetMocksTestExecutionListener@7544a1e4]
22:41:56.474 [Test worker] DEBUG org.springframework.test.context.support.AbstractDirtiesContextTestExecutionListener - Before test class: context [DefaultTestContext@51684e4a testClass = PetBookApplicationTests, testInstance = [null], testMethod = [null], testException = [null], mergedContextConfiguration = [WebMergedContextConfiguration@6ce1f601 testClass = PetBookApplicationTests, locations = '{}', classes = '{class com.petBook.PetBookApplication}', contextInitializerClasses = '[]', activeProfiles = '{}', propertySourceLocations = '{}', propertySourceProperties = '{org.springframework.boot.test.context.SpringBootTestContextBootstrapper=true}', contextCustomizers = set[org.springframework.boot.test.autoconfigure.actuate.metrics.MetricsExportContextCustomizerFactory$DisableMetricExportContextCustomizer@6da00fb9, org.springframework.boot.test.autoconfigure.properties.PropertyMappingContextCustomizer@0, org.springframework.boot.test.autoconfigure.web.servlet.WebDriverContextCustomizerFactory$Customizer@68b6f0d6, org.springframework.boot.test.context.filter.ExcludeFilterContextCustomizer@3b7ff809, org.springframework.boot.test.json.DuplicateJsonObjectContextCustomizerFactory$DuplicateJsonObjectContextCustomizer@3f792b9b, org.springframework.boot.test.mock.mockito.MockitoContextCustomizer@0, org.springframework.boot.test.web.client.TestRestTemplateContextCustomizer@2bd2b28e, org.springframework.boot.test.context.SpringBootTestArgs@1, org.springframework.boot.test.context.SpringBootTestWebEnvironment@6c7a164b], resourceBasePath = 'src/main/webapp', contextLoader = 'org.springframework.boot.test.context.SpringBootContextLoader', parent = [null]], attributes = map['org.springframework.test.context.web.ServletTestExecutionListener.activateListener' -> true]], class annotated with @DirtiesContext [false] with mode [null].

  .   ____          _            __ _ _
 /\\ / ___'_ __ _ _(_)_ __  __ _ \ \ \ \
( ( )\___ | '_ | '_| | '_ \/ _` | \ \ \ \
 \\/  ___)| |_)| | | | | || (_| |  ) ) ) )
  '  |____| .__|_| |_|_| |_\__, | / / / /
 =========|_|==============|___/=/_/_/_/
 :: Spring Boot ::                (v2.6.9)

2022-06-29 22:41:56.665  INFO 12812 --- [    Test worker] com.petBook.PetBookApplicationTests      : Starting PetBookApplicationTests using Java 11.0.15.1 on DESKTOP-RUAGMJC with PID 12812 (started by seung in D:\petBook-be)
2022-06-29 22:41:56.666  INFO 12812 --- [    Test worker] com.petBook.PetBookApplicationTests      : No active profile set, falling back to 1 default profile: "default"
2022-06-29 22:41:57.978  WARN 12812 --- [    Test worker] d.s.r.o.OperationImplicitParameterReader : Unable to interpret the implicit parameter configuration with dataType: , dataTypeClass: class java.lang.Void
2022-06-29 22:41:57.984  WARN 12812 --- [    Test worker] d.s.r.o.OperationImplicitParameterReader : Unable to interpret the implicit parameter configuration with dataType: , dataTypeClass: class java.lang.Void
2022-06-29 22:41:57.987  WARN 12812 --- [    Test worker] d.s.r.o.OperationImplicitParameterReader : Unable to interpret the implicit parameter configuration with dataType: , dataTypeClass: class java.lang.Void
2022-06-29 22:41:57.999  INFO 12812 --- [    Test worker] com.petBook.PetBookApplicationTests      : Started PetBookApplicationTests in 1.499 seconds (JVM running for 2.313)
]]></system-out>
  <system-err><![CDATA[]]></system-err>
</testsuite>
